e:\code\projetoaed1\x64\debug\vc143.pdb
e:\code\projetoaed1\x64\debug\.netframework,version=v4.7.2.assemblyattributes.obj
e:\code\projetoaed1\x64\debug\myform.obj
e:\code\projetoaed1\x64\debug\usaestoque.obj
e:\code\projetoaed1\x64\debug\interface.obj
e:\code\projetoaed1\x64\debug\frmmenu.obj
e:\code\projetoaed1\x64\debug\projetoaed1.exe
e:\code\projetoaed1\x64\debug\projetoaed1.pdb
e:\code\projetoaed1\x64\debug\projetoaed1.myform.resources
e:\code\projetoaed1\x64\debug\projetoaed1.interface.resources
e:\code\projetoaed1\x64\debug\projetoaed1.frmadicionar.resources
e:\code\projetoaed1\x64\debug\projetoaed1.frmmenu.resources
e:\code\projetoaed1\x64\debug\frmadicionar.obj
e:\code\projetoaed1\x64\debug\main.obj
e:\code\projetoaed1\x64\debug\usa_estoque.obj
e:\code\projetoaed1\x64\debug\projetoaed1.exe.metagen
e:\code\projetoaed1\x64\debug\projetoaed1.tlog\cl.command.1.tlog
e:\code\projetoaed1\x64\debug\projetoaed1.tlog\cl.read.1.tlog
e:\code\projetoaed1\x64\debug\projetoaed1.tlog\cl.write.1.tlog
e:\code\projetoaed1\x64\debug\projetoaed1.tlog\link.command.1.tlog
e:\code\projetoaed1\x64\debug\projetoaed1.tlog\link.read.1.tlog
e:\code\projetoaed1\x64\debug\projetoaed1.tlog\link.write.1.tlog
e:\code\projetoaed1\x64\debug\projetoaed1.tlog\metagen.read.1.tlog
e:\code\projetoaed1\x64\debug\projetoaed1.tlog\metagen.write.1.tlog
e:\code\projetoaed1\x64\debug\projetoaed1.tlog\projetoaed1.write.1u.tlog
